"../../../Engine/Content/ArtTools/RenderToTexture/Enums/RenderToTexture_Enum.uasset" 0
"../../../Engine/Content/ArtTools/RenderToTexture/Enums/RenderToTexture_Flipbook_Enum.uasset" 1
"../../../Engine/Content/ArtTools/RenderToTexture/Enums/RenderToTexture_Imposter_Enum.uasset" 2
"../../../Engine/Content/EditorBlueprintResources/StandardMacros.uasset" 3
"../../../Engine/Content/ArtTools/RenderToTexture/Enums/EIntTypes.uasset" 4
"../../../Engine/Content/ArtTools/RenderToTexture/Macros/RenderToTextureFunctionLibrary.uasset" 5
"../../../Engine/Content/ArtTools/RenderToTexture/Enums/EFloatTypes.uasset" 6
"../../../Engine/Content/ArtTools/RenderToTexture/Macros/RenderToTextureMacros.uasset" 7
"../../../Engine/Content/Functions/Engine_MaterialFunctions01/Opacity/CameraDepthFade.uasset" 8
"../../../Engine/Content/EngineMaterials/T_Default_Material_Grid_M.uasset" 9
"../../../Engine/Content/EngineMaterials/T_Default_Material_Grid_N.uasset" 10
"../../../Engine/Content/EngineMaterials/WorldGridMaterial.uasset" 11
"../../../Engine/Content/ArtTools/RenderToTexture/Meshes/S_1_Unit_Plane.uasset" 12
"../../../Engine/Content/EngineMaterials/DefaultMaterial.uasset" 13
"../../../Engine/Content/BasicShapes/Cone.uasset" 14
"../../../Engine/Content/EngineMaterials/DefaultPhysicalMaterial.uasset" 15
"../../../Engine/Content/BufferVisualization/AmbientOcclusion.uasset" 16
"../../../Engine/Content/BufferVisualization/BaseColor.uasset" 17
"../../../Engine/Content/BufferVisualization/CustomDepth.uasset" 18
"../../../Engine/Content/Functions/Engine_MaterialFunctions02/Utility/VectorLength.uasset" 19
"../../../Engine/Content/BufferVisualization/CustomDepthWorldUnits.uasset" 20
"../../../Engine/Content/Functions/Engine_MaterialFunctions02/Utility/BreakOutFloat2Components.uasset" 21
"../../../Engine/Content/Functions/Engine_MaterialFunctions01/Texturing/ScaleUVsByCenter.uasset" 22
"../../../Engine/Content/Functions/Engine_MaterialFunctions02/ScreenResolution.uasset" 23
"../../../Engine/Content/Functions/Engine_MaterialFunctions02/Texturing/ScreenAlignedUVs.uasset" 24
"../../../Engine/Content/Functions/Engine_MaterialFunctions02/Utility/MakeFloat2.uasset" 25
"../../../Engine/Content/Functions/Engine_MaterialFunctions02/Utility/MakeFloat3.uasset" 26
"../../../Engine/Content/EngineMaterials/MiniFont.uasset" 27
"../../../Engine/Content/BufferVisualization/CustomStencil.uasset" 28
"../../../Engine/Content/BufferVisualization/FinalImage.uasset" 29
"../../../Engine/Content/BufferVisualization/LightingModel.uasset" 30
"../../../Engine/Content/BufferVisualization/MaterialAO.uasset" 31
"../../../Engine/Content/BufferVisualization/Metallic.uasset" 32
"../../../Engine/Content/BufferVisualization/Opacity.uasset" 33
"../../../Engine/Content/BufferVisualization/PostTonemapHDRColor.uasset" 34
"../../../Engine/Content/BufferVisualization/PreTonemapHDRColor.uasset" 35
"../../../Engine/Content/BufferVisualization/Roughness.uasset" 36
"../../../Engine/Content/BufferVisualization/SceneColor.uasset" 37
"../../../Engine/Content/BufferVisualization/SceneDepth.uasset" 38
"../../../Engine/Content/BufferVisualization/SceneDepthWorldUnits.uasset" 39
"../../../Engine/Content/BufferVisualization/SeparateTranslucencyA.uasset" 40
"../../../Engine/Content/BufferVisualization/SeparateTranslucencyRGB.uasset" 41
"../../../Engine/Content/BufferVisualization/Specular.uasset" 42
"../../../Engine/Content/BufferVisualization/SubsurfaceColor.uasset" 43
"../../../Engine/Content/BufferVisualization/WorldNormal.uasset" 44
"../../../Engine/Content/EditorBlueprintResources/ActorMacros.uasset" 45
"../../../Engine/Content/EditorLandscapeResources/DataLayer.uasset" 46
"../../../Engine/Content/EditorLandscapeResources/DefaultAlphaTexture.uasset" 47
"../../../Engine/Content/EditorLandscapeResources/LandscapeGizmoHeight_Mat.uasset" 48
"../../../Engine/Content/EditorLandscapeResources/LandscapeGizmo_Mat.uasset" 49
"../../../Engine/Content/EditorLandscapeResources/LandscapeGizmo_Mat_Copied.uasset" 50
"../../../Engine/Content/EditorLandscapeResources/SplineEditorMeshMat.uasset" 51
"../../../Engine/Content/EditorLandscapeResources/SplineEditorMesh.uasset" 52
"../../../Engine/Content/EditorMaterials/Cross.uasset" 53
"../../../Engine/Content/EditorMaterials/Cross_Mat.uasset" 54
"../../../Engine/Content/EditorMaterials/GizmoMaterial.uasset" 55
"../../../Engine/Content/Functions/Engine_MaterialFunctions02/Utility/Sign.uasset" 56
"../../../Engine/Content/Functions/Engine_MaterialFunctions02/Utility/Round.uasset" 57
"../../../Engine/Content/Functions/Engine_MaterialFunctions02/ExampleContent/Textures/flipbook.uasset" 58
"../../../Engine/Content/Functions/Engine_MaterialFunctions02/Texturing/FlipBook.uasset" 59
"../../../Engine/Content/EditorResources/T_EditorHelp.uasset" 60
"../../../Engine/Content/EditorMaterials/HelpActorMaterial.uasset" 61
"../../../Engine/Content/EditorMaterials/CompositeARGBLayer.uasset" 62
"../../../Engine/Content/EditorMaterials/TilingAALineIntegral.uasset" 63
"../../../Engine/Content/EditorMaterials/TilingAALineBoxFiltered.uasset" 64
"../../../Engine/Content/Functions/Engine_MaterialFunctions03/Procedurals/ComputeFilterWidth.uasset" 65
"../../../Engine/Content/EditorMaterials/TilingAADots.uasset" 66
"../../../Engine/Content/EditorMaterials/Cascade/CASC_Cross.uasset" 67
"../../../Engine/Content/EditorMaterials/Cascade/CASC_None.uasset" 68
"../../../Engine/Content/Functions/Engine_MaterialFunctions03/Blends/Blend_Screen.uasset" 69
"../../../Engine/Content/EditorMaterials/TilingAAGrid.uasset" 70
"../../../Engine/Content/EditorMaterials/LevelGridMaterial.uasset" 71
"../../../Engine/Content/EditorMaterials/MakeCompositeARGBLayer.uasset" 72
"../../../Engine/Content/EditorResources/LevelGrid1DStripes.uasset" 73
"../../../Engine/Content/EditorMaterials/TextureGridCascaded1D.uasset" 74
"../../../Engine/Content/EditorMaterials/TextureGridCascaded2D.uasset" 75
"../../../Engine/Content/EditorMaterials/LevelGridMaterial2.uasset" 76
"../../../Engine/Content/EditorMaterials/MAT_Groups_Toggle.uasset" 77
"../../../Engine/Content/EditorMaterials/MAT_Groups_Visibility.uasset" 78
"../../../Engine/Content/EditorMaterials/PhAT_BoneSelectedMaterial.uasset" 79
"../../../Engine/Content/EditorMaterials/PhAT_ElemSelectedMaterial.uasset" 80
"../../../Engine/Content/EditorMaterials/PhAT_NoCollisionMaterial.uasset" 81
"../../../Engine/Content/EditorMaterials/PhAT_UnselectedMaterial.uasset" 82
"../../../Engine/Content/EditorMaterials/PreviewShadowIndicator.uasset" 83
"../../../Engine/Content/EditorMaterials/PreviewShadowIndicatorMaterial.uasset" 84
"../../../Engine/Content/EditorMaterials/TargetIcon.uasset" 85
"../../../Engine/Content/EditorMaterials/Tick.uasset" 86
"../../../Engine/Content/EditorMaterials/Tick_Mat.uasset" 87
"../../../Engine/Content/EditorMaterials/WidgetGridVertexColorMaterial.uasset" 88
"../../../Engine/Content/EditorMaterials/WidgetGridVertexColorMaterial_Ma.uasset" 89
"../../../Engine/Content/EditorMaterials/WidgetMaterial.uasset" 90
"../../../Engine/Content/EditorMaterials/WidgetMaterial_Current.uasset" 91
"../../../Engine/Content/EditorMaterials/WidgetMaterial_X.uasset" 92
"../../../Engine/Content/EditorMaterials/WidgetMaterial_Y.uasset" 93
"../../../Engine/Content/EditorMaterials/WidgetMaterial_Z.uasset" 94
"../../../Engine/Content/EditorMaterials/WidgetVertexColorMaterial.uasset" 95
"../../../Engine/Content/EditorMaterials/MatineeGroups/MAT_ColorTrack.uasset" 96
"../../../Engine/Content/EditorMaterials/MatineeGroups/MAT_Groups_Anim.uasset" 97
"../../../Engine/Content/EditorMaterials/MatineeGroups/MAT_Groups_AudioMaster.uasset" 98
"../../../Engine/Content/EditorMaterials/MatineeGroups/MAT_Groups_Director.uasset" 99
"../../../Engine/Content/EditorMaterials/MatineeGroups/MAT_Groups_Event.uasset" 100
"../../../Engine/Content/EditorMaterials/MatineeGroups/MAT_Groups_Fade.uasset" 101
"../../../Engine/Content/EditorMaterials/MatineeGroups/MAT_Groups_Float.uasset" 102
"../../../Engine/Content/EditorMaterials/MatineeGroups/MAT_Groups_Move.uasset" 103
"../../../Engine/Content/EditorMaterials/MatineeGroups/MAT_Groups_Slomo.uasset" 104
"../../../Engine/Content/EditorMaterials/MatineeGroups/MAT_Groups_Sound.uasset" 105
"../../../Engine/Content/EditorMaterials/MatineeGroups/MAT_Groups_Vector.uasset" 106
"../../../Engine/Content/EditorMaterials/ParticleSystems/PSysThumbnail_NoImage.uasset" 107
"../../../Engine/Content/EditorMaterials/ParticleSystems/PSysThumbnail_OOD.uasset" 108
"../../../Engine/Content/EngineMaterials/Grid.uasset" 109
"../../../Engine/Content/EditorMaterials/Thumbnails/FloorPlaneMaterial.uasset" 110
"../../../Engine/Content/EditorMeshes/EditorCube.uasset" 111
"../../../Engine/Content/EditorMeshes/EditorCylinder.uasset" 112
"../../../Engine/Content/EditorMeshes/EditorPlane.uasset" 113
"../../../Engine/Content/EditorMaterials/Thumbnails/SkySphereMaterial.uasset" 114
"../../../Engine/Content/EditorMeshes/EditorSkySphere.uasset" 115
"../../../Engine/Content/EditorMeshes/EditorSphere.uasset" 116
"../../../Engine/Content/EditorResources/MatineeCam_D.uasset" 117
"../../../Engine/Content/EditorMaterials/MatineeCam_mat.uasset" 118
"../../../Engine/Content/EditorMeshes/MatineeCam_SM.uasset" 119
"../../../Engine/Content/EditorMaterials/Camera/CineMat.uasset" 120
"../../../Engine/Content/EditorMaterials/Camera/MI_CineMat_CameraBody.uasset" 121
"../../../Engine/Content/EngineDebugMaterials/M_SimpleOpaque.uasset" 122
"../../../Engine/Content/EditorMaterials/Camera/MI_CineMat_CamViewFinder.uasset" 123
"../../../Engine/Content/EditorMeshes/Camera/SM_CineCam.uasset" 124
"../../../Engine/Content/EditorMaterials/Camera/MI_CineMat_Rig.uasset" 125
"../../../Engine/Content/EditorMeshes/Camera/SM_CraneRig_Arm.uasset" 126
"../../../Engine/Content/EditorMeshes/Camera/SM_CraneRig_Base.uasset" 127
"../../../Engine/Content/EditorMeshes/Camera/SM_CraneRig_Body.uasset" 128
"../../../Engine/Content/EditorMeshes/Camera/SM_CraneRig_Mount.uasset" 129
"../../../Engine/Content/EditorMeshes/Camera/SM_RailRig_Mount.uasset" 130
"../../../Engine/Content/EditorMeshes/Camera/SM_RailRig_Track.uasset" 131
"../../../Engine/Content/EditorMeshes/ColorCalibrator/M_ChromeBall.uasset" 132
"../../../Engine/Content/EditorMeshes/ColorCalibrator/M_ClearCoat.uasset" 133
"../../../Engine/Content/EditorMeshes/ColorCalibrator/M_ClearCoatBlack.uasset" 134
"../../../Engine/Content/EditorMeshes/ColorCalibrator/Color_checker.uasset" 135
"../../../Engine/Content/EditorMeshes/ColorCalibrator/M_ColorGrid.uasset" 136
"../../../Engine/Content/EditorMeshes/ColorCalibrator/M_GreyBall.uasset" 137
"../../../Engine/Content/EditorMeshes/ColorCalibrator/SM_ColorCalibrator.uasset" 138
"../../../Engine/Content/EditorResources/Bad.uasset" 139
"../../../Engine/Content/EditorResources/BSPVertex.uasset" 140
"../../../Engine/Content/EditorResources/EmptyActor.uasset" 141
"../../../Engine/Content/EditorResources/MatInstActSprite.uasset" 142
"../../../Engine/Content/EditorResources/SceneManager.uasset" 143
"../../../Engine/Content/EditorResources/SmallFont.uasset" 144
"../../../Engine/Content/EditorResources/S_Actor.uasset" 145
"../../../Engine/Content/EditorResources/S_DecalActorIcon.uasset" 146
"../../../Engine/Content/EditorResources/S_Emitter.uasset" 147
"../../../Engine/Content/EditorResources/S_ExpoHeightFog.uasset" 148
"../../../Engine/Content/EditorResources/S_FTest.uasset" 149
"../../../Engine/Content/EditorResources/S_KBSJoint.uasset" 150
"../../../Engine/Content/EditorResources/S_KHinge.uasset" 151
"../../../Engine/Content/EditorResources/S_KPrismatic.uasset" 152
"../../../Engine/Content/EditorResources/S_LevelSequence.uasset" 153
"../../../Engine/Content/EditorResources/S_NavP.uasset" 154
"../../../Engine/Content/EditorResources/S_Note.uasset" 155
"../../../Engine/Content/EditorResources/S_Player.uasset" 156
"../../../Engine/Content/EditorResources/S_PortalActorIcon2.uasset" 157
"../../../Engine/Content/EditorResources/S_RadForce.uasset" 158
"../../../Engine/Content/EditorResources/S_ReflActorIcon.uasset" 159
"../../../Engine/Content/EditorResources/S_Terrain.uasset" 160
"../../../Engine/Content/EditorResources/S_TextRenderActorIcon.uasset" 161
"../../../Engine/Content/EditorResources/S_Thruster.uasset" 162
"../../../Engine/Content/EditorResources/S_Trigger.uasset" 163
"../../../Engine/Content/EditorResources/S_VectorFieldVol.uasset" 164
"../../../Engine/Content/EditorResources/S_WindDirectional.uasset" 165
"../../../Engine/Content/EditorResources/AI/S_NavLink.uasset" 166
"../../../Engine/Content/EditorResources/AudioIcons/S_AudioComponent.uasset" 167
"../../../Engine/Content/EditorResources/AudioIcons/S_AudioComponent_AutoActivate.uasset" 168
"../../../Engine/Content/EditorResources/LightIcons/SkyLight.uasset" 169
"../../../Engine/Content/EditorResources/LightIcons/S_LightDirectional.uasset" 170
"../../../Engine/Content/EditorResources/LightIcons/S_LightDirectionalMove.uasset" 171
"../../../Engine/Content/EditorResources/LightIcons/S_LightError.uasset" 172
"../../../Engine/Content/EditorResources/LightIcons/S_LightPoint.uasset" 173
"../../../Engine/Content/EditorResources/LightIcons/S_LightPointMove.uasset" 174
"../../../Engine/Content/EditorResources/LightIcons/S_LightSpot.uasset" 175
"../../../Engine/Content/EditorResources/LightIcons/S_LightSpotMove.uasset" 176
"../../../Engine/Content/EditorResources/SequenceRecorder/Countdown.uasset" 177
"../../../Engine/Content/EditorResources/SequenceRecorder/RecordingIndicator.uasset" 178
"../../../Engine/Content/EditorResources/Spline/T_Loft_Spline.uasset" 179
"../../../Engine/Content/EditorSounds/Notifications/CompileFailed.uasset" 180
"../../../Engine/Content/EditorSounds/Notifications/CompileFailed_Cue.uasset" 181
"../../../Engine/Content/EditorSounds/Notifications/CompileSuccess.uasset" 182
"../../../Engine/Content/EditorSounds/Notifications/CompileStart_Cue.uasset" 183
"../../../Engine/Content/EditorSounds/Notifications/CompileSuccess_Cue.uasset" 184
"../../../Engine/Content/EngineDamageTypes/DmgTypeBP_Environmental.uasset" 185
"../../../Engine/Content/EngineDebugMaterials/HeatmapGradient.uasset" 186
"../../../Engine/Content/EngineDebugMaterials/BoneWeightMaterial.uasset" 187
"../../../Engine/Content/EngineDebugMaterials/ClothMaterial.uasset" 188
"../../../Engine/Content/EngineDebugMaterials/ClothMaterial_WF.uasset" 189
"../../../Engine/Content/EngineDebugMaterials/DebugEditorMaterial.uasset" 190
"../../../Engine/Content/EngineDebugMaterials/DebugMeshMaterial.uasset" 191
"../../../Engine/Content/EngineDebugMaterials/GeomMaterial.uasset" 192
"../../../Engine/Content/Functions/Engine_MaterialFunctions01/Shading/ConvertFromDiffSpec.uasset" 193
"../../../Engine/Content/EngineDebugMaterials/LevelColorationLitMaterial.uasset" 194
"../../../Engine/Content/EngineDebugMaterials/LevelColorationUnlitMaterial.uasset" 195
"../../../Engine/Content/EngineMaterials/DefaultWhiteGrid.uasset" 196
"../../../Engine/Content/EngineDebugMaterials/MAT_LevelColorationLitLightmapUV.uasset" 197
"../../../Engine/Content/EngineDebugMaterials/M_SimpleTranslucent.uasset" 198
"../../../Engine/Content/EngineDebugMaterials/ShadedLevelColorationLitMaterial.uasset" 199
"../../../Engine/Content/EngineDebugMaterials/ShadedLevelColorationUnlitMateri.uasset" 200
"../../../Engine/Content/EngineDebugMaterials/VertexColorMaterial.uasset" 201
"../../../Engine/Content/EngineDebugMaterials/VertexColorViewMode_AlphaAsColor.uasset" 202
"../../../Engine/Content/EngineDebugMaterials/VertexColorViewMode_BlueOnly.uasset" 203
"../../../Engine/Content/EngineDebugMaterials/VertexColorViewMode_ColorOnly.uasset" 204
"../../../Engine/Content/EngineDebugMaterials/VertexColorViewMode_GreenOnly.uasset" 205
"../../../Engine/Content/EngineDebugMaterials/VertexColorViewMode_RedOnly.uasset" 206
"../../../Engine/Content/EngineDebugMaterials/WireframeMaterial.uasset" 207
"../../../Engine/Content/EngineFonts/Faces/RobotoBold.uasset" 208
"../../../Engine/Content/EngineFonts/Faces/RobotoBoldItalic.uasset" 209
"../../../Engine/Content/EngineFonts/Faces/RobotoItalic.uasset" 210
"../../../Engine/Content/EngineFonts/Faces/RobotoLight.uasset" 211
"../../../Engine/Content/EngineFonts/Faces/RobotoRegular.uasset" 212
"../../../Engine/Content/EngineFonts/Roboto.uasset" 213
"../../../Engine/Content/EngineFonts/Faces/RobotoTiny.uasset" 214
"../../../Engine/Content/EngineFonts/RobotoTiny.uasset" 215
"../../../Engine/Content/EngineFonts/SmallFont.uasset" 216
"../../../Engine/Content/EngineFonts/TinyFont.uasset" 217
"../../../Engine/Content/EngineResources/WhiteSquareTexture.uasset" 218
"../../../Engine/Content/EngineMaterials/BlinkingCaret.uasset" 219
"../../../Engine/Content/EngineMaterials/DefaultBloomKernel.uasset" 220
"../../../Engine/Content/EngineMaterials/DefaultBokeh.uasset" 221
"../../../Engine/Content/EngineMaterials/DefaultDiffuse.uasset" 222
"../../../Engine/Content/EngineMaterials/DefaultDeferredDecalMaterial.uasset" 223
"../../../Engine/Content/EngineMaterials/DefaultLightFunctionMaterial.uasset" 224
"../../../Engine/Content/EngineMaterials/DefaultNormal.uasset" 225
"../../../Engine/Content/EngineMaterials/DefaultPostProcessMaterial.uasset" 226
"../../../Engine/Content/EngineFonts/RobotoDistanceField.uasset" 227
"../../../Engine/Content/EngineMaterials/DefaultTextMaterialOpaque.uasset" 228
"../../../Engine/Content/EngineMaterials/EditorBrushMaterial.uasset" 229
"../../../Engine/Content/EngineMaterials/Grid_N.uasset" 230
"../../../Engine/Content/EngineMaterials/HighResolutionScreenshotMaskFunction.uasset" 231
"../../../Engine/Content/EngineMaterials/HighResScreenshot.uasset" 232
"../../../Engine/Content/EngineMaterials/HighResScreenshotCaptureRegion.uasset" 233
"../../../Engine/Content/EngineMaterials/HighResScreenshotMask.uasset" 234
"../../../Engine/Content/EngineMaterials/LandscapeHolePhysicalMaterial.uasset" 235
"../../../Engine/Content/EngineMaterials/InvalidLightmapSettings.uasset" 236
"../../../Engine/Content/EngineMaterials/M_InvalidLightmapSettings.uasset" 237
"../../../Engine/Content/EngineMaterials/PaperDiffuse.uasset" 238
"../../../Engine/Content/EngineMaterials/PaperNormal.uasset" 239
"../../../Engine/Content/Functions/Engine_MaterialFunctions02/WorldPositionOffset/CameraOffset.uasset" 240
"../../../Engine/Content/EngineMaterials/PhAT_JointLimitMaterial.uasset" 241
"../../../Engine/Content/EngineMaterials/PhysMat_Rubber.uasset" 242
"../../../Engine/Content/EngineMaterials/PreintegratedSkinBRDF.uasset" 243
"../../../Engine/Content/EngineMaterials/RemoveSurfaceMaterial.uasset" 244
"../../../Engine/Content/EngineMaterials/WeightMapPlaceholderTexture.uasset" 245
"../../../Engine/Content/EngineMaterials/Widget3DPassThrough.uasset" 246
"../../../Engine/Content/EngineMaterials/Widget3DPassThrough_Masked.uasset" 247
"../../../Engine/Content/EngineMaterials/Widget3DPassThrough_Opaque.uasset" 248
"../../../Engine/Content/EngineMaterials/Widget3DPassThrough_Masked_OneSided.uasset" 249
"../../../Engine/Content/EngineMaterials/Widget3DPassThrough_Opaque_OneSided.uasset" 250
"../../../Engine/Content/EngineMaterials/Widget3DPassThrough_Translucent.uasset" 251
"../../../Engine/Content/EngineMaterials/Widget3DPassThrough_Translucent_OneSided.uasset" 252
"../../../Engine/Content/EngineMeshes/Cube.uasset" 253
"../../../Engine/Content/EngineMeshes/Cylinder.uasset" 254
"../../../Engine/Content/EngineMeshes/Sphere.uasset" 255
"../../../Engine/Content/EngineResources/DefaultTexture.uasset" 256
"../../../Engine/Content/EngineResources/DefaultTextureCube.uasset" 257
"../../../Engine/Content/EngineResources/GradientTexture0.uasset" 258
"../../../Engine/Content/EngineResources/StreamingPauseIcon.uasset" 259
"../../../Engine/Content/EngineResources/M_StreamingPause.uasset" 260
"../../../Engine/Content/EngineSounds/Master.uasset" 261
"../../../Engine/Content/Functions/Engine_MaterialFunctions01/Shading/PowerToRoughness.uasset" 262
"../../../Engine/Content/Maps/Templates/Thumbnails/Default.uasset" 263
"../../../Engine/Content/Maps/Templates/Thumbnails/VR-Basic.uasset" 264
"../../../Engine/Content/MapTemplates/SM_Template_Map_Floor.uasset" 265
"../../../Engine/Content/MapTemplates/Sky/DaylightAmbientCubemap.uasset" 266
"../../../Engine/Content/MobileResources/T_MobileControls_texture.uasset" 267
"../../../Engine/Content/MobileResources/T_MobileMenu2.uasset" 268
"../../../Engine/Content/MobileResources/HUD/AnalogHat.uasset" 269
"../../../Engine/Content/MobileResources/HUD/VirtualJoystick_Background.uasset" 270
"../../../Engine/Content/MobileResources/HUD/VirtualJoystick_Thumb.uasset" 271
"../../../Engine/Content/MobileResources/HUD/DefaultVirtualJoysticks.uasset" 272
"../../../Engine/Content/MobileResources/HUD/LeftVirtualJoystickOnly.uasset" 273
"../../../Engine/Content/MobileResources/HUD/MobileHUDButton1_off.uasset" 274
"../../../Engine/Content/MobileResources/HUD/MobileHUDButton1_on.uasset" 275
"../../../Engine/Content/MobileResources/HUD/MobileHUDButton2_off.uasset" 276
"../../../Engine/Content/MobileResources/HUD/MobileHUDButton2_on.uasset" 277
"../../../Engine/Content/MobileResources/HUD/MobileHUDButton3.uasset" 278
"../../../Engine/Content/MobileResources/HUD/MobileHUDButtonFire.uasset" 279
"../../../Engine/Content/MobileResources/HUD/MobileHUDDirectionPad.uasset" 280
"../../../Engine/Content/MobileResources/HUD/MobileHUDDirectionPad2.uasset" 281
"../../../Engine/Content/MobileResources/HUD/MobileHUDDirectionPad3.uasset" 282
"../../../Engine/Content/MobileResources/HUD/MobileHUDDirectionStick.uasset" 283
"../../../Engine/Content/MobileResources/HUD/T_Castle_ThumbstickInner.uasset" 284
"../../../Engine/Content/MobileResources/HUD/T_Castle_ThumbstickOutter.uasset" 285
"../../../Engine/Content/Tutorial/ContentIntroCurve.uasset" 286
"../../../Engine/Content/Tutorial/Basics/TutorialAssets/icon_tab_Levels_40x.uasset" 287
"../../../Engine/Content/Tutorial/BlueprintTutorials/TutorialAssets/BlueprintInterface_64x.uasset" 288
"../../../Engine/Content/Tutorial/BlueprintTutorials/TutorialAssets/BlueprintMacroLibrary_64x.uasset" 289
"../../../Engine/Content/Tutorial/BlueprintTutorials/TutorialAssets/Blueprint_64x.uasset" 290
"../../../Engine/Content/Tutorial/BlueprintTutorials/TutorialAssets/Tutorial_BP_Interface.uasset" 291
"../../../Engine/Content/Tutorial/Foliage/TutorialAssets/Foliage.uasset" 292
"../../../Engine/Content/Tutorial/Landscape/TutorialAssets/Landscape.uasset" 293
"../../../Engine/Content/Tutorial/Paper2D/TutorialAssets/Paper2DFlipbook_TutorialIcon.uasset" 294
"../../../Engine/Content/Tutorial/Paper2D/TutorialAssets/Paper2DSprite_TutorialIcon.uasset" 295
"../../../Engine/Content/Tutorial/SubEditors/TutorialAssets/icon_Editor_Preferences_General_40x.uasset" 296
"../../../Engine/Content/Tutorial/SubEditors/TutorialAssets/icon_ShowSkeletalMeshes_40x.uasset" 297
"../../../Engine/Content/Tutorial/SubEditors/TutorialAssets/TutorialMaterial.uasset" 298
"../../../Engine/Content/Tutorial/SubEditors/TutorialAssets/T_SmokeSubUV_8X8.uasset" 299
"../../../Engine/Content/Tutorial/SubEditors/TutorialAssets/T_soft_smoke.uasset" 300
"../../../Engine/Content/Tutorial/SubEditors/TutorialAssets/M_smoke_subUV_blackbody.uasset" 301
"../../../Engine/Content/Tutorial/SubEditors/TutorialAssets/TutorialParticleSystem.uasset" 302
"../../../Engine/Content/VREditor/Devices/Generic/GenericHMDMaterial.uasset" 303
"../../../Engine/Content/VREditor/Devices/Generic/GenericHMD.uasset" 304
"../../../Engine/Content/VREditor/FloatingText/LineMaterial.uasset" 305
"../../../Engine/Content/VREditor/FloatingText/JointSphere.uasset" 306
"../../../Engine/Content/VREditor/FloatingText/LineSegmentCylinder.uasset" 307
"../../../Engine/Content/VREditor/Fonts/VRText_RobotoLarge.uasset" 308
"../../../Engine/Content/VREditor/Fonts/VRTextMaterial.uasset" 309
"../../../Engine/Content/VREditor/Fonts/TranslucentVRTextMaterial.uasset" 310
"../../../Engine/Content/VREditor/LaserPointer/CursorPointer.uasset" 311
"../../../Engine/Content/VREditor/LaserPointer/VR_LaserPower_01.uasset" 312
"../../../Engine/Content/VREditor/TransformGizmo/TransformGizmoMaterial.uasset" 313
"../../../Engine/Content/VREditor/LaserPointer/HoverMaterial.uasset" 314
"../../../Engine/Content/VREditor/TransformGizmo/TranslucentTransformGizmoMaterial.uasset" 315
"../../../Engine/Content/VREditor/LaserPointer/TranslucentHoverMaterial.uasset" 316
"../../../Engine/Content/VREditor/LaserPointer/HoverMesh.uasset" 317
"../../../Engine/Content/VREditor/LaserPointer/LaserPointerMaterial.uasset" 318
"../../../Engine/Content/VREditor/LaserPointer/LaserPointerMaterialInst.uasset" 319
"../../../Engine/Content/VREditor/LaserPointer/TranslucentLaserPointerMaterialInst.uasset" 320
"../../../Engine/Content/VREditor/LaserPointer/LaserPointerMesh.uasset" 321
"../../../Engine/Content/VREditor/LaserPointer/LaserPointerMesh_End.uasset" 322
"../../../Engine/Content/VREditor/LaserPointer/LaserPointerMesh_Start.uasset" 323
"../../../Engine/Content/Functions/Engine_MaterialFunctions02/Utility/BreakOutFloat3Components.uasset" 324
"../../../Engine/Content/Functions/Engine_MaterialFunctions02/Math/Transform3x3Matrix.uasset" 325
"../../../Engine/Content/Functions/Engine_MaterialFunctions02/SplitComponents.uasset" 326
"../../../Engine/Content/VREditor/SnapGrid/SnapGridMaterial.uasset" 327
"../../../Engine/Content/VREditor/SnapGrid/SnapGridPlaneMesh.uasset" 328
"../../../Engine/Content/VREditor/Sounds/VR_teleport.uasset" 329
"../../../Engine/Content/VREditor/Sounds/UI/Click_on_Button_Cue.uasset" 330
"../../../Engine/Content/VREditor/Sounds/UI/Dockable_Window_Close.uasset" 331
"../../../Engine/Content/VREditor/Sounds/UI/Dockable_Window_Drop.uasset" 332
"../../../Engine/Content/VREditor/Sounds/UI/Dockable_Window_Open.uasset" 333
"../../../Engine/Content/VREditor/Sounds/UI/Dockable_Window_Pick_Up.uasset" 334
"../../../Engine/Content/VREditor/Sounds/UI/Drop_Item_From_ContentBrowser.uasset" 335
"../../../Engine/Content/VREditor/Sounds/UI/Floating_UI_Open-001.uasset" 336
"../../../Engine/Content/VREditor/Sounds/UI/Gizmo_Handle_Clicked.uasset" 337
"../../../Engine/Content/VREditor/Sounds/UI/Object_PickUp.uasset" 338
"../../../Engine/Content/VREditor/Sounds/UI/Object_Snaps_To_Another_Actor.uasset" 339
"../../../Engine/Content/VREditor/Sounds/UI/Object_Snaps_To_Grid.uasset" 340
"../../../Engine/Content/VREditor/Sounds/UI/Radial_Menu_FadeOut.uasset" 341
"../../../Engine/Content/VREditor/Sounds/UI/Scaling_Down.uasset" 342
"../../../Engine/Content/VREditor/Sounds/UI/Scaling_Up.uasset" 343
"../../../Engine/Content/VREditor/Sounds/UI/Selection_Changes.uasset" 344
"../../../Engine/Content/VREditor/Sounds/UI/Teleport_Mode_Entered.uasset" 345
"../../../Engine/Content/VREditor/Teleport/TeleportDirectionMaterial.uasset" 346
"../../../Engine/Content/VREditor/Teleport/TeleportDirectionMaterial_Inst.uasset" 347
"../../../Engine/Content/VREditor/Teleport/TeleportDirectionMesh.uasset" 348
"../../../Engine/Content/VREditor/TransformGizmo/BoundingBoxCorner.uasset" 349
"../../../Engine/Content/VREditor/TransformGizmo/BoundingBoxEdge.uasset" 350
"../../../Engine/Content/VREditor/TransformGizmo/PlaneTranslationHandle.uasset" 351
"../../../Engine/Content/VREditor/TransformGizmo/RotationHandleFull.uasset" 352
"../../../Engine/Content/VREditor/TransformGizmo/RotationHandleIndicator.uasset" 353
"../../../Engine/Content/VREditor/TransformGizmo/RotationHandleQuarter.uasset" 354
"../../../Engine/Content/VREditor/TransformGizmo/Main.uasset" 355
"../../../Engine/Content/VREditor/TransformGizmo/Xray.uasset" 356
"../../../Engine/Content/VREditor/TransformGizmo/SM_Dialog_Close.uasset" 357
"../../../Engine/Content/VREditor/TransformGizmo/SM_Dialog_Move.uasset" 358
"../../../Engine/Content/VREditor/TransformGizmo/SM_Sequencer_Key.uasset" 359
"../../../Engine/Content/VREditor/TransformGizmo/SM_Sequencer_Node.uasset" 360
"../../../Engine/Content/VREditor/TransformGizmo/StartRotationHandleIndicator.uasset" 361
"../../../Engine/Content/VREditor/TransformGizmo/TranslucentTransformGizmoMaterial_Inst.uasset" 362
"../../../Engine/Content/VREditor/TransformGizmo/TransformGizmoFreeRotation.uasset" 363
"../../../Engine/Content/VREditor/TransformGizmo/TransformGizmoMaterial_Inst.uasset" 364
"../../../Engine/Content/VREditor/TransformGizmo/TranslateArrowHandle.uasset" 365
"../../../Engine/Content/VREditor/TransformGizmo/UniformScaleHandle.uasset" 366
"../../../Engine/Content/VREditor/UI/KeyDiskMaterial.uasset" 367
"../../../Engine/Content/VREditor/UI/DiscMaterial.uasset" 368
"../../../Engine/Content/VREditor/UI/SM_Radial_Disk.uasset" 369
"../../../Engine/Content/Functions/Engine_MaterialFunctions01/Gradient/RadialGradient.uasset" 370
"../../../Engine/Content/VREditor/WorldMovementGrid/SimpleGrid.uasset" 371
"../../../Engine/Content/VREditor/WorldMovementGrid/GridMaterial.uasset" 372
"../../../Engine/Content/Functions/Engine_MaterialFunctions01/Density/ExponentialDensity.uasset" 373
"../../../Engine/Content/VREditor/WorldMovementGrid/GridPostProcess.uasset" 374
"../../../Engine/Content/EditorLandscapeResources/FlattenHeightMat.uasset" 375
"../../../Engine/Content/VREditor/WorldMovementGrid/PlaneMesh.uasset" 376
"../../../HPg_Instinct/Content/ExamplePulse.uasset" 377
"../../../HPg_Instinct/Content/highbeepSonar.uasset" 378
"../../../HPg_Instinct/Content/NewExamplePlus.uasset" 379
"../../../HPg_Instinct/Content/NewExamplePlus1.uasset" 380
"../../../HPg_Instinct/Content/ScanFX/Data/EScanFXVisionMode.uasset" 381
"../../../HPg_Instinct/Content/ScanFX/Misc/DemoRoom/BluePrint/BP_DemoDisplay_Enum.uasset" 382
"../../../HPg_Instinct/Content/ScanFX/Misc/DemoRoom/BluePrint/BP_DemoRoom_Enum.uasset" 383
"../../../HPg_Instinct/Content/Blueprints/HP_Hud.uasset" 384
"../../../HPg_Instinct/Content/Mannequin/Character/Mesh/UE4_Mannequin_Skeleton.uasset" 385
"../../../HPg_Instinct/Content/Mannequin/Animations/ThirdPerson_Jump.uasset" 386
"../../../HPg_Instinct/Content/Mannequin/Animations/ThirdPersonJump_Loop.uasset" 387
"../../../HPg_Instinct/Content/Mannequin/Animations/ThirdPersonJump_Start.uasset" 388
"../../../HPg_Instinct/Content/Mannequin/Animations/ThirdPersonIdle.uasset" 389
"../../../HPg_Instinct/Content/Mannequin/Animations/ThirdPersonRun.uasset" 390
"../../../HPg_Instinct/Content/Mannequin/Animations/ThirdPersonWalk.uasset" 391
"../../../HPg_Instinct/Content/Mannequin/Animations/ThirdPerson_IdleRun_2D.uasset" 392
"../../../HPg_Instinct/Content/Mannequin/Animations/ThirdPerson_AnimBP.uasset" 393
"../../../HPg_Instinct/Content/ScanFX/MaterialFunctions/MF_ScanFX_Circle.uasset" 394
"../../../HPg_Instinct/Content/ScanFX/Textures/T_ScanFX_DefaultGradient.uasset" 395
"../../../HPg_Instinct/Content/ScanFX/MaterialFunctions/MF_ScanFX_GetFadeGradient.uasset" 396
"../../../HPg_Instinct/Content/ScanFX/MaterialFunctions/MF_ScanFX_ScanProgress.uasset" 397
"../../../HPg_Instinct/Content/ScanFX/MaterialFunctions/MF_ScanFX_ScreenAlignedGrid.uasset" 398
"../../../HPg_Instinct/Content/ScanFX/MaterialFunctions/MF_ScanFX_SphereMaskWithBorder.uasset" 399
"../../../HPg_Instinct/Content/ScanFX/MaterialFunctions/MF_ScanFX_WorldAlignedGrid.uasset" 400
"../../../HPg_Instinct/Content/ScanFX/MaterialFunctions/MF_ScanFX_WorldNormalAlignedBlend.uasset" 401
"../../../HPg_Instinct/Content/ScanFX/Materials/Master/PP_ScanWave_Master.uasset" 402
"../../../HPg_Instinct/Content/ScanFX/Materials/Instances/PPI_ScanWave_Sonar_01.uasset" 403
"../../../HPg_Instinct/Content/ScanFX/Materials/Instances/Safe_Pulse.uasset" 404
"../../../HPg_Instinct/Content/HUDElements/SonarHUD.uasset" 405
"../../../HPg_Instinct/Content/HUDElements/StaminaHUD.uasset" 406
"../../../HPg_Instinct/Content/ThirdPersonBP/Blueprints/ThirdPersonCharacter.uasset" 407
"../../../HPg_Instinct/Content/ThirdPersonBP/Blueprints/ThirdPersonGameMode.uasset" 408
"../../../Engine/Plugins/2D/Paper2D/Content/PlaceholderTextures/DummySpriteTexture.uasset" 409
"../../../Engine/Plugins/2D/Paper2D/Content/DummySprite.uasset" 410
"../../../Engine/Plugins/2D/Paper2D/Content/DefaultPaperTerrainMaterial.uasset" 411
"../../../Engine/Plugins/2D/Paper2D/Content/DefaultSpriteMaterial.uasset" 412
"../../../Engine/Plugins/2D/Paper2D/Content/MaskedUnlitSpriteMaterial.uasset" 413
"../../../Engine/Plugins/2D/Paper2D/Content/OpaqueUnlitSpriteMaterial.uasset" 414
"../../../Engine/Plugins/Media/MediaCompositing/Content/DefaultMediaPlaneMaterial.uasset" 415
"../../../Engine/Content/Functions/Engine_MaterialFunctions02/Utility/MakeFloat4.uasset" 416
"../../../Engine/Plugins/Runtime/AppleARKit/Content/ARKitCameraMaterial.uasset" 417
"../../../Engine/Plugins/Runtime/Oculus/OculusVR/Content/Textures/GearVRController_AO.uasset" 418
"../../../Engine/Plugins/Runtime/Oculus/OculusVR/Content/Textures/GearVRController_Color.uasset" 419
"../../../Engine/Plugins/Runtime/Oculus/OculusVR/Content/Textures/GearVRController_Normal.uasset" 420
"../../../Engine/Plugins/Runtime/Oculus/OculusVR/Content/Materials/GearVRControllerMaterial.uasset" 421
"../../../Engine/Plugins/Runtime/Oculus/OculusVR/Content/Meshes/GearVrController.uasset" 422
"../../../HPg_Instinct/Content/HP_Project/Untitled-1.uasset" 423
"../../../Engine/Content/Maps/Entry.umap" 424
"../../../Engine/Content/EngineSky/C_Sky_Cloud_Color.uasset" 425
"../../../Engine/Content/EngineSky/C_Sky_Horizon_Color.uasset" 426
"../../../Engine/Content/EngineSky/C_Sky_Zenith_Color.uasset" 427
"../../../Engine/Content/EngineSky/T_Sky_Blue.uasset" 428
"../../../Engine/Content/EngineSky/T_Sky_Clouds_M.uasset" 429
"../../../Engine/Content/EngineSky/T_Sky_Stars.uasset" 430
"../../../Engine/Content/EngineSky/M_Sky_Panning_Clouds2.uasset" 431
"../../../Engine/Content/EngineSky/SM_SkySphere.uasset" 432
"../../../Engine/Content/EngineSky/BP_Sky_Sphere.uasset" 433
"../../../HPg_Instinct/Content/StarterContent/Textures/T_MacroVariation.uasset" 434
"../../../HPg_Instinct/Content/StarterContent/Materials/M_Metal_Chrome.uasset" 435
"../../../Engine/Content/BasicShapes/Cube.uasset" 436
"../../../HPg_Instinct/Content/Blueprints/Elevator1.uasset" 437
"../../../HPg_Instinct/Content/HP_Project/TestMap_BuiltData.uasset" 438
"../../../Engine/Content/BasicShapes/BasicShapeMaterial.uasset" 439
"../../../HPg_Instinct/Content/KiteDemo/Environments/GroundTiles/Grass/T_Ground_Grass_N.uasset" 440
"../../../HPg_Instinct/Content/KiteDemo/Environments/GroundTiles/Grass/T_GDC_Grass01_D_NoisyAlpha.uasset" 441
"../../../HPg_Instinct/Content/KiteDemo/Environments/GroundTiles/Grass/T_MacroVariation.uasset" 442
"../../../HPg_Instinct/Content/KiteDemo/Environments/GroundTiles/Grass/T_Perlin_Noise_M.uasset" 443
"../../../HPg_Instinct/Content/KiteDemo/Environments/GroundTiles/Grass/M_Ground_Grass2.uasset" 444
"../../../HPg_Instinct/Content/StarterContent/Materials/M_Basic_Floor.uasset" 445
"../../../HPg_Instinct/Content/StarterContent/Materials/M_Basic_Wall.uasset" 446
"../../../HPg_Instinct/Content/StarterContent/Textures/T_Concrete_Poured_D.uasset" 447
"../../../HPg_Instinct/Content/StarterContent/Textures/T_Concrete_Poured_N.uasset" 448
"../../../HPg_Instinct/Content/StarterContent/Textures/T_Perlin_Noise_M.uasset" 449
"../../../HPg_Instinct/Content/StarterContent/Materials/M_Concrete_Poured.uasset" 450
"../../../HPg_Instinct/Content/StarterContent/Materials/M_Metal_Brushed_Nickel.uasset" 451
"../../../HPg_Instinct/Content/StarterContent/Textures/T_Metal_Aluminum_D.uasset" 452
"../../../HPg_Instinct/Content/StarterContent/Textures/T_Metal_Gold_N.uasset" 453
"../../../HPg_Instinct/Content/StarterContent/Materials/M_Metal_Burnished_Steel.uasset" 454
"../../../HPg_Instinct/Content/StarterContent/Textures/T_Metal_Copper_D.uasset" 455
"../../../HPg_Instinct/Content/StarterContent/Materials/M_Metal_Copper.uasset" 456
"../../../HPg_Instinct/Content/StarterContent/Textures/T_Metal_Gold_D.uasset" 457
"../../../HPg_Instinct/Content/StarterContent/Materials/M_Metal_Gold.uasset" 458
"../../../Engine/Content/Functions/Engine_MaterialFunctions02/Utility/BlendAngleCorrectedNormals.uasset" 459
"../../../HPg_Instinct/Content/StarterContent/Textures/T_Metal_Rust_D.uasset" 460
"../../../HPg_Instinct/Content/StarterContent/Textures/T_Metal_Rust_N.uasset" 461
"../../../HPg_Instinct/Content/StarterContent/Materials/M_Metal_Rust.uasset" 462
"../../../HPg_Instinct/Content/StarterContent/Textures/T_Metal_Steel_D.uasset" 463
"../../../HPg_Instinct/Content/StarterContent/Textures/T_Metal_Steel_N.uasset" 464
"../../../HPg_Instinct/Content/StarterContent/Materials/M_Metal_Steel.uasset" 465
"../../../HPg_Instinct/Content/StarterContent/Textures/T_Water_M.uasset" 466
"../../../HPg_Instinct/Content/StarterContent/Textures/T_Water_N.uasset" 467
"../../../HPg_Instinct/Content/StarterContent/Materials/M_Water_Ocean.uasset" 468
"../../../HPg_Instinct/Content/StarterContent/Textures/T_Wood_Oak_D.uasset" 469
"../../../HPg_Instinct/Content/StarterContent/Textures/T_Wood_Oak_N.uasset" 470
"../../../HPg_Instinct/Content/StarterContent/Materials/M_Wood_Oak.uasset" 471
"../../../HPg_Instinct/Content/Materials/Glass_M.uasset" 472
"../../../HPg_Instinct/Content/Materials/Glass_M_Inst.uasset" 473
"../../../HPg_Instinct/Content/ScanFX/Materials/Instances/Danger_Pulse.uasset" 474
"../../../HPg_Instinct/Content/ScanFX/Materials/Instances/Neutral_Pulse.uasset" 475
"../../../Engine/Content/BasicShapes/Cylinder.uasset" 476
"../../../Engine/Content/BasicShapes/Plane.uasset" 477
"../../../Engine/Content/BasicShapes/Sphere.uasset" 478
"../../../HPg_Instinct/Content/Audio/Pond_Water.uasset" 479
"../../../HPg_Instinct/Content/Audio/Underwater_Pool-Mike_Koenig-355864284.uasset" 480
"../../../HPg_Instinct/Content/Audio/Wind.uasset" 481
"../../../HPg_Instinct/Content/ForestSet/Textures/t_treebark01.uasset" 482
"../../../HPg_Instinct/Content/ForestSet/Textures/t_treebark01_normals.uasset" 483
"../../../HPg_Instinct/Content/ForestSet/Materials/M_Bushbark01.uasset" 484
"../../../Engine/Content/Functions/Engine_MaterialFunctions01/WorldPositionOffset/SimpleGrassWind.uasset" 485
"../../../HPg_Instinct/Content/ForestSet/Textures/t_treeleaves01.uasset" 486
"../../../HPg_Instinct/Content/ForestSet/Textures/t_treeleaves01_normals.uasset" 487
"../../../HPg_Instinct/Content/ForestSet/Textures/t_treeleaves01_SPEC.uasset" 488
"../../../HPg_Instinct/Content/ForestSet/Materials/MASTER_TREELEAVES.uasset" 489
"../../../HPg_Instinct/Content/ForestSet/Textures/t_bush01.uasset" 490
"../../../HPg_Instinct/Content/ForestSet/Textures/t_bush01_normals.uasset" 491
"../../../HPg_Instinct/Content/ForestSet/Textures/t_bush01_spec.uasset" 492
"../../../HPg_Instinct/Content/ForestSet/Materials/M_Bush01.uasset" 493
"../../../HPg_Instinct/Content/ForestSet/Meshes/SM_Bush01.uasset" 494
"../../../HPg_Instinct/Content/ForestSet/Textures/t_grass01.uasset" 495
"../../../HPg_Instinct/Content/ForestSet/Textures/t_grass01_normals.uasset" 496
"../../../HPg_Instinct/Content/ForestSet/Materials/MASTER_FOLIAGE.uasset" 497
"../../../HPg_Instinct/Content/ForestSet/Textures/t_bush02.uasset" 498
"../../../HPg_Instinct/Content/ForestSet/Textures/t_bush02_normals.uasset" 499
"../../../HPg_Instinct/Content/ForestSet/Materials/M_Bush02.uasset" 500
"../../../HPg_Instinct/Content/ForestSet/Meshes/SM_Bush02.uasset" 501
"../../../HPg_Instinct/Content/ForestSet/Textures/t_daisy01.uasset" 502
"../../../HPg_Instinct/Content/ForestSet/Textures/t_daisy01_normals.uasset" 503
"../../../HPg_Instinct/Content/ForestSet/Materials/M_Flower01.uasset" 504
"../../../HPg_Instinct/Content/ForestSet/Meshes/SM_Flower01.uasset" 505
"../../../HPg_Instinct/Content/ForestSet/Textures/t_flower02.uasset" 506
"../../../HPg_Instinct/Content/ForestSet/Textures/t_flower02_normals.uasset" 507
"../../../HPg_Instinct/Content/ForestSet/Materials/M_Flower02.uasset" 508
"../../../HPg_Instinct/Content/ForestSet/Meshes/SM_Flower02.uasset" 509
"../../../HPg_Instinct/Content/ForestSet/Materials/M_Grass01.uasset" 510
"../../../HPg_Instinct/Content/ForestSet/Meshes/SM_Grass01.uasset" 511
"../../../HPg_Instinct/Content/ForestSet/Textures/t_grass02.uasset" 512
"../../../HPg_Instinct/Content/ForestSet/Textures/t_grass02_normals.uasset" 513
"../../../HPg_Instinct/Content/ForestSet/Materials/M_Grass02.uasset" 514
"../../../HPg_Instinct/Content/ForestSet/Meshes/SM_Grass02.uasset" 515
"../../../HPg_Instinct/Content/ForestSet/Textures/t_grasstile01.uasset" 516
"../../../HPg_Instinct/Content/ForestSet/Textures/t_rocks01.uasset" 517
"../../../HPg_Instinct/Content/ForestSet/Textures/t_rocks01_normals.uasset" 518
"../../../HPg_Instinct/Content/ForestSet/Materials/M_Rocks01.uasset" 519
"../../../HPg_Instinct/Content/ForestSet/Meshes/SM_Rock01.uasset" 520
"../../../HPg_Instinct/Content/ForestSet/Materials/M_TreeBark01.uasset" 521
"../../../HPg_Instinct/Content/ForestSet/Materials/M_TreeLeaves01.uasset" 522
"../../../HPg_Instinct/Content/ForestSet/Meshes/SM_Tree01.uasset" 523
"../../../HPg_Instinct/Content/ForestSet/Meshes/SM_Tree02.uasset" 524
"../../../HPg_Instinct/Content/ForestSet/Meshes/SM_Tree03.uasset" 525
"../../../HPg_Instinct/Content/ForestSet/Meshes/SM_Tree04.uasset" 526
"../../../HPg_Instinct/Content/HP_Models/lambert1.uasset" 527
"../../../HPg_Instinct/Content/HP_Models/Corner.uasset" 528
"../../../Engine/Content/Functions/Engine_MaterialFunctions01/SpeedTree/SpeedTreeColorVariation.uasset" 529
"../../../HPg_Instinct/Content/KiteDemo/Environments/Foliage/BogMyrtle_01/BogMyrtle_01_Atlas_Billboards_Normal_Tex.uasset" 530
"../../../HPg_Instinct/Content/KiteDemo/Environments/Foliage/BogMyrtle_01/BogMyrtle_01_Atlas_Billboards_Tex.uasset" 531
"../../../HPg_Instinct/Content/KiteDemo/Environments/Foliage/BogMyrtle_01/BogMyrtle_01_Billboard_Mat.uasset" 532
"../../../HPg_Instinct/Content/KiteDemo/Environments/Foliage/BogMyrtle_01/BogMyrtle_01_Atlas_Normal_Tex.uasset" 533
"../../../HPg_Instinct/Content/KiteDemo/Environments/Foliage/BogMyrtle_01/BogMyrtle_01_Atlas_Tex.uasset" 534
"../../../HPg_Instinct/Content/KiteDemo/Environments/Foliage/BogMyrtle_01/T_BogMyrtleBtm_01_D.uasset" 535
"../../../HPg_Instinct/Content/KiteDemo/Environments/Foliage/BogMyrtle_01/T_BogMyrtleBtm_01_N.uasset" 536
"../../../HPg_Instinct/Content/KiteDemo/Environments/Foliage/BogMyrtle_01/BogMyrtle_01_Fronds_Mat.uasset" 537
"../../../HPg_Instinct/Content/KiteDemo/Environments/Foliage/BogMyrtle_01/BogMyrtle_01.uasset" 538
"../../../HPg_Instinct/Content/KiteDemo/Environments/Foliage/BogMyrtleBush_01/BogMyrtleBush_01_Atlas_Billboards_Normal_Tex.uasset" 539
"../../../HPg_Instinct/Content/KiteDemo/Environments/Foliage/BogMyrtleBush_01/BogMyrtleBush_01_Atlas_Billboards_Tex.uasset" 540
"../../../HPg_Instinct/Content/KiteDemo/Environments/Foliage/BogMyrtleBush_01/MI_BogMyrtleBush_01_Billboard.uasset" 541
"../../../HPg_Instinct/Content/KiteDemo/Environments/Foliage/BogMyrtleBush_01/BogMyrtleBush_01.uasset" 542
"../../../HPg_Instinct/Content/KiteDemo/Environments/Foliage/BogMyrtleBush_02/BogMyrtleBush_02_Atlas_Billboards_Normal_Tex.uasset" 543
"../../../HPg_Instinct/Content/KiteDemo/Environments/Foliage/BogMyrtleBush_02/BogMyrtleBush_02_Atlas_Billboards_Tex.uasset" 544
"../../../HPg_Instinct/Content/KiteDemo/Environments/Foliage/BogMyrtleBush_02/MI_BogMyrtleBush_02_Billboard.uasset" 545
"../../../HPg_Instinct/Content/KiteDemo/Environments/Foliage/BogMyrtleBush_02/BogMyrtleBush_02.uasset" 546
"../../../Engine/Content/Functions/Engine_MaterialFunctions02/ObjectLocalToWorldData.uasset" 547
"../../../Engine/Content/Functions/Engine_MaterialFunctions02/WorldPositionOffset/ObjectScale.uasset" 548
"../../../Engine/Content/Functions/Engine_MaterialFunctions02/PivotPainter/PivotPainter_PerObjectData.uasset" 549
"../../../Engine/Content/Functions/Engine_MaterialFunctions02/WorldPositionOffset/Wind.uasset" 550
"../../../Engine/Content/Functions/Engine_MaterialFunctions02/PivotPainter/PivotPainter_PerObjectFoliageData.uasset" 551
"../../../HPg_Instinct/Content/KiteDemo/Material/WorldCoords-XY.uasset" 552
"../../../HPg_Instinct/Content/KiteDemo/Environments/Foliage/Ferns/T_Fern_01_D.uasset" 553
"../../../HPg_Instinct/Content/KiteDemo/Environments/Foliage/Ferns/T_Fern_01_N.uasset" 554
"../../../HPg_Instinct/Content/KiteDemo/Environments/Foliage/Ferns/T_Ice_Noise_N.uasset" 555
"../../../HPg_Instinct/Content/KiteDemo/Environments/Foliage/Ferns/T_TilingNoise06_N.uasset" 556
"../../../HPg_Instinct/Content/KiteDemo/Environments/Textures/T_Water_N.uasset" 557
"../../../HPg_Instinct/Content/KiteDemo/Environments/Textures/T_Water_Screen_Noise_Soft2.uasset" 558
"../../../HPg_Instinct/Content/KiteDemo/Environments/Foliage/Ferns/M_Fern_01.uasset" 559
"../../../HPg_Instinct/Content/KiteDemo/Environments/Foliage/Ferns/SM_Fern_01.uasset" 560
"../../../HPg_Instinct/Content/KiteDemo/Environments/Textures/T_Water_Screen_Noise_Soft.uasset" 561
"../../../HPg_Instinct/Content/KiteDemo/Environments/Foliage/Ferns/M_Fern_01_Inst.uasset" 562
"../../../HPg_Instinct/Content/KiteDemo/Environments/Foliage/Ferns/SM_Fern_02.uasset" 563
"../../../HPg_Instinct/Content/KiteDemo/Environments/Foliage/Ferns/SM_Fern_03.uasset" 564
"../../../Engine/Content/Functions/Engine_MaterialFunctions02/Texturing/ScreenAlignedPixelToPixelUVs.uasset" 565
"../../../Engine/Content/EngineMaterials/Good64x64TilingNoiseHighFreq.uasset" 566
"../../../Engine/Content/Functions/Engine_MaterialFunctions02/Utility/DitherTemporalAA.uasset" 567
"../../../HPg_Instinct/Content/KiteDemo/Environments/Foliage/Flowers/Heather/T_HeatherBranch4_D.uasset" 568
"../../../HPg_Instinct/Content/KiteDemo/Environments/Foliage/Flowers/Heather/T_HeatherBranch4_Mask2.uasset" 569
"../../../HPg_Instinct/Content/KiteDemo/Environments/Foliage/Flowers/Heather/T_HeatherBranch4_N.uasset" 570
"../../../HPg_Instinct/Content/KiteDemo/Environments/Foliage/Flowers/Heather/T_Ice_Noise.uasset" 571
"../../../HPg_Instinct/Content/KiteDemo/Environments/Foliage/Flowers/Heather/M_HeatherNew_Master.uasset" 572
"../../../HPg_Instinct/Content/KiteDemo/Environments/Foliage/Flowers/Yarrow/T_Yarrow_D.uasset" 573
"../../../HPg_Instinct/Content/KiteDemo/Environments/Foliage/Flowers/Yarrow/T_Yarrow_N.uasset" 574
"../../../HPg_Instinct/Content/KiteDemo/Environments/Foliage/Flowers/Yarrow/M_Yarrow_Inst.uasset" 575
"../../../HPg_Instinct/Content/KiteDemo/Environments/Foliage/Flowers/Yarrow/T_Yarrow_M.uasset" 576
"../../../HPg_Instinct/Content/KiteDemo/Environments/Foliage/Flowers/Yarrow/M_Yarrow_PP_Wind_Inst.uasset" 577
"../../../HPg_Instinct/Content/KiteDemo/Environments/Foliage/Flowers/Yarrow/SM_Yarrow3.uasset" 578
"../../../Engine/Content/Functions/Engine_MaterialFunctions02/Math/CreateThirdOrthogonalVector.uasset" 579
"../../../HPg_Instinct/Content/KiteDemo/Environments/Foliage/Grass/FieldGrass/T_FieldGrass_01_D.uasset" 580
"../../../HPg_Instinct/Content/KiteDemo/Environments/Foliage/Grass/FieldGrass/T_FieldGrass_02_M.uasset" 581
"../../../HPg_Instinct/Content/KiteDemo/Environments/Foliage/Grass/FieldGrass/M_FieldGrass_01.uasset" 582
"../../../HPg_Instinct/Content/KiteDemo/Environments/Foliage/Grass/FieldGrass/M_FieldGrass_Inst_01.uasset" 583
"../../../HPg_Instinct/Content/KiteDemo/Environments/Foliage/Grass/FieldGrass/M_FieldGrass_Inst_01_LOD1.uasset" 584
"../../../HPg_Instinct/Content/KiteDemo/Environments/Foliage/Grass/FieldGrass/M_FieldGrass_Inst_01_LOD2.uasset" 585
"../../../HPg_Instinct/Content/KiteDemo/Environments/Foliage/Grass/FieldGrass/SM_FieldGrass_01.uasset" 586
"../../../Engine/Content/Functions/Engine_MaterialFunctions01/Gradient/LinearGradient.uasset" 587
"../../../Engine/Content/Functions/Engine_MaterialFunctions01/ImageAdjustment/CheapContrast.uasset" 588
"../../../Engine/Content/EngineMaterials/FlatNormal.uasset" 589
"../../../Engine/Content/EngineResources/Black.uasset" 590
"../../../HPg_Instinct/Content/KiteDemo/Textures/T_CliffRock_03_N.uasset" 591
"../../../HPg_Instinct/Content/KiteDemo/Textures/T_CliffRockTile_03_D.uasset" 592
"../../../HPg_Instinct/Content/KiteDemo/Material/M_Photoscan_Master.uasset" 593
"../../../HPg_Instinct/Content/KiteDemo/Environments/Rocks/LargePlainsBoulder002/T_LargePlainsBoulder002_N.uasset" 594
"../../../HPg_Instinct/Content/KiteDemo/Environments/Rocks/LargePlainsBoulder002/T_LargePlainsBoulder002_D_R.uasset" 595
"../../../HPg_Instinct/Content/KiteDemo/Environments/Rocks/LargePlainsBoulder002/MI_LargePlainsBoulder002.uasset" 596
"../../../HPg_Instinct/Content/KiteDemo/Environments/Rocks/LargePlainsBoulder002/SM_LargePlainsBoulder002.uasset" 597
"../../../HPg_Instinct/Content/KiteDemo/Environments/Rocks/Medium_Boulder_001/Medium_Boulder_001_N_4096.uasset" 598
"../../../HPg_Instinct/Content/KiteDemo/Environments/Rocks/Medium_Boulder_001/Medium_Boulder_001_D_4096CC_R.uasset" 599
"../../../HPg_Instinct/Content/KiteDemo/Environments/Rocks/Medium_Boulder_001/MI_MediumBoulder_0012.uasset" 600
"../../../HPg_Instinct/Content/KiteDemo/Environments/Rocks/Medium_Boulder_001/Medium_Boulder_001.uasset" 601
"../../../HPg_Instinct/Content/KiteDemo/Environments/Rocks/Medium_Boulder_002/Medium_Boulder_002_N_4096.uasset" 602
"../../../HPg_Instinct/Content/KiteDemo/Environments/Rocks/Medium_Boulder_002/Medium_Boulder_002_D_CC_R.uasset" 603
"../../../HPg_Instinct/Content/KiteDemo/Environments/Rocks/Medium_Boulder_002/MI_MediumBoulder_002.uasset" 604
"../../../HPg_Instinct/Content/KiteDemo/Environments/Rocks/Medium_Boulder_002/Medium_Boulder_LowPoly.uasset" 605
"../../../HPg_Instinct/Content/KiteDemo/Environments/Rocks/River_Rock_01/T_River_Rock_01_N.uasset" 606
"../../../HPg_Instinct/Content/KiteDemo/Environments/Rocks/River_Rock_01/T_River_Rock_01_D_CC_R.uasset" 607
"../../../HPg_Instinct/Content/KiteDemo/Environments/Rocks/River_Rock_01/MI_River_Rock_01.uasset" 608
"../../../HPg_Instinct/Content/KiteDemo/Environments/Rocks/River_Rock_01/SM_River_Rock_01.uasset" 609
"../../../HPg_Instinct/Content/KiteDemo/Environments/Trees/HillTree_02/T_Craghead_Oak_LimbTile_02_D_Tex.uasset" 610
"../../../HPg_Instinct/Content/KiteDemo/Environments/Trees/HillTree_02/T_Craghead_Oak_LimbTile_02_N_Tex.uasset" 611
"../../../HPg_Instinct/Content/KiteDemo/Environments/Trees/HillTree_02/HillTree_01_Branches_2_Mat.uasset" 612
"../../../HPg_Instinct/Content/KiteDemo/Environments/Trees/HillTree_02/T_Craghead_Oak_Tile_01_D_Tex.uasset" 613
"../../../HPg_Instinct/Content/KiteDemo/Environments/Trees/HillTree_02/T_Craghead_Oak_Tile_01_N_Tex.uasset" 614
"../../../HPg_Instinct/Content/KiteDemo/Environments/Trees/HillTree_02/T_Craghead_Oak_TileMoss_01_D_Tex.uasset" 615
"../../../HPg_Instinct/Content/KiteDemo/Environments/Trees/HillTree_02/HillTree_01_Branches_Mat.uasset" 616
"../../../HPg_Instinct/Content/KiteDemo/Environments/Trees/HillTree_02/HillTree_01_Atlas_Normal_Tex.uasset" 617
"../../../HPg_Instinct/Content/KiteDemo/Environments/Trees/HillTree_02/HillTree_01_Atlas_Specular_Tex.uasset" 618
"../../../HPg_Instinct/Content/KiteDemo/Environments/Trees/HillTree_02/HillTree_01_Atlas_Tex.uasset" 619
"../../../HPg_Instinct/Content/KiteDemo/Environments/Trees/HillTree_02/HillTree_01_Leaves_Mat2.uasset" 620
"../../../HPg_Instinct/Content/KiteDemo/Environments/Trees/HillTree_Tall_02/HillTree_Tall_01_Atlas_Billboards_Normal_Tex.uasset" 621
"../../../HPg_Instinct/Content/KiteDemo/Environments/Trees/HillTree_Tall_02/HillTree_Tall_01_Atlas_Billboards_Tex.uasset" 622
"../../../HPg_Instinct/Content/KiteDemo/Environments/Trees/HillTree_Tall_02/HillTree_Tall_01_Billboard_Mat.uasset" 623
"../../../HPg_Instinct/Content/KiteDemo/Environments/Trees/HillTree_Tall_02/HillTree_Tall_02.uasset" 624
"../../../HPg_Instinct/Content/KiteDemo/Environments/Trees/ScotsPine_01/ScotsPine_01_Atlas_Billboards_Normal_Tex.uasset" 625
"../../../HPg_Instinct/Content/KiteDemo/Environments/Trees/ScotsPine_01/ScotsPine_01_Atlas_Billboards_Tex.uasset" 626
"../../../HPg_Instinct/Content/KiteDemo/Environments/Trees/ScotsPine_01/ScotsPine_01_Billboard_Mat.uasset" 627
"../../../HPg_Instinct/Content/KiteDemo/Environments/Trees/ScotsPine_01/T_ScotsPine_Bark_01_N_Tex.uasset" 628
"../../../HPg_Instinct/Content/KiteDemo/Environments/Trees/ScotsPine_01/T_ScotsPine_Bark_01_Tex.uasset" 629
"../../../HPg_Instinct/Content/KiteDemo/Environments/Trees/ScotsPine_01/T_ScotsPine_Bark_03_D_Tex.uasset" 630
"../../../HPg_Instinct/Content/KiteDemo/Environments/Trees/ScotsPine_01/ScotsPine_01_Branches_2_Mat.uasset" 631
"../../../HPg_Instinct/Content/KiteDemo/Environments/Trees/ScotsPine_01/T_ScotsPine_Bark_03_N.uasset" 632
"../../../HPg_Instinct/Content/KiteDemo/Environments/Trees/ScotsPine_01/ScotsPine_01_Branches_Mat.uasset" 633
"../../../HPg_Instinct/Content/KiteDemo/Environments/Trees/ScotsPine_01/ScotsPine_01_Fronds_Mat.uasset" 634
"../../../HPg_Instinct/Content/KiteDemo/Environments/Trees/ScotsPine_01/ScotsPine_01_Atlas_Normal_Tex.uasset" 635
"../../../HPg_Instinct/Content/KiteDemo/Environments/Trees/ScotsPine_01/ScotsPine_01_Atlas_Specular_Tex.uasset" 636
"../../../HPg_Instinct/Content/KiteDemo/Environments/Trees/ScotsPine_01/ScotsPine_01_Atlas_Tex.uasset" 637
"../../../HPg_Instinct/Content/KiteDemo/Environments/Trees/ScotsPine_01/ScotsPine_01_Leaves_Mat.uasset" 638
"../../../HPg_Instinct/Content/KiteDemo/Environments/Trees/ScotsPine_01/ScotsPine_01.uasset" 639
"../../../HPg_Instinct/Content/KiteDemo/Environments/Trees/ScotsPineTall_01/ScotsPineTall_01_Atlas_Billboards_Normal_Tex.uasset" 640
"../../../HPg_Instinct/Content/KiteDemo/Environments/Trees/ScotsPineTall_01/ScotsPineTall_01_Atlas_Billboards_Tex.uasset" 641
"../../../HPg_Instinct/Content/KiteDemo/Environments/Trees/ScotsPineTall_01/ScotsPineTall_01_Billboard_Mat.uasset" 642
"../../../HPg_Instinct/Content/KiteDemo/Environments/Trees/ScotsPineTall_01/ScotsPineTall_01.uasset" 643
"../../../HPg_Instinct/Content/KiteDemo/Environments/Trees/Tree_Stump_01/D_Tree_Stump_01_N.uasset" 644
"../../../HPg_Instinct/Content/KiteDemo/Environments/Trees/Tree_Stump_01/D_Tree_Stump_01_D_R.uasset" 645
"../../../HPg_Instinct/Content/KiteDemo/Environments/Trees/Tree_Stump_01/MI_Tree_Stump_01.uasset" 646
"../../../HPg_Instinct/Content/KiteDemo/Environments/Trees/Tree_Stump_01/Tree_Stump_01.uasset" 647
"../../../HPg_Instinct/Content/KiteDemo/Environments/Trees/Vegetation_Debris_002/T_Vegetation_Debris_002_N.uasset" 648
"../../../HPg_Instinct/Content/KiteDemo/Environments/Trees/Vegetation_Debris_002/T_Vegetation_Debris_002_D_R.uasset" 649
"../../../HPg_Instinct/Content/KiteDemo/Environments/Trees/Vegetation_Debris_002/MI_Vegetation_Debris_002.uasset" 650
"../../../HPg_Instinct/Content/KiteDemo/Environments/Trees/Vegetation_Debris_002/SM_Vegetation_Debris_002.uasset" 651
"../../../Engine/Content/Functions/MaterialLayerFunctions/MatLayerBlend_NormalBlend.uasset" 652
"../../../Engine/Content/Functions/MaterialLayerFunctions/MatLayerBlend_Simple.uasset" 653
"../../../HPg_Instinct/Content/Mannequin/Character/Materials/MaterialLayers/T_ML_Rubber_Blue_01_D.uasset" 654
"../../../HPg_Instinct/Content/Mannequin/Character/Materials/MaterialLayers/T_ML_Rubber_Blue_01_N.uasset" 655
"../../../HPg_Instinct/Content/Mannequin/Character/Materials/MaterialLayers/ML_GlossyBlack_Latex_UE4.uasset" 656
"../../../HPg_Instinct/Content/Mannequin/Character/Materials/MaterialLayers/ML_Plastic_Shiny_Beige.uasset" 657
"../../../HPg_Instinct/Content/Mannequin/Character/Textures/UE4_LOGO_CARD.uasset" 658
"../../../HPg_Instinct/Content/Mannequin/Character/Materials/MaterialLayers/ML_Plastic_Shiny_Beige_LOGO.uasset" 659
"../../../HPg_Instinct/Content/Mannequin/Character/Materials/MaterialLayers/T_ML_Aluminum01.uasset" 660
"../../../HPg_Instinct/Content/Mannequin/Character/Materials/MaterialLayers/T_ML_Aluminum01_N.uasset" 661
"../../../HPg_Instinct/Content/Mannequin/Character/Materials/MaterialLayers/ML_SoftMetal_UE4.uasset" 662
"../../../HPg_Instinct/Content/Mannequin/Character/Textures/UE4_Mannequin__normals.uasset" 663
"../../../HPg_Instinct/Content/Mannequin/Character/Textures/UE4_Mannequin_MAT_MASKA.uasset" 664
"../../../HPg_Instinct/Content/Mannequin/Character/Materials/M_UE4Man_Body.uasset" 665
"../../../HPg_Instinct/Content/Mannequin/Character/Textures/UE4Man_Logo_N.uasset" 666
"../../../HPg_Instinct/Content/Mannequin/Character/Materials/M_UE4Man_ChestLogo.uasset" 667
"../../../HPg_Instinct/Content/Mannequin/Character/Mesh/SK_Mannequin_PhysicsAsset.uasset" 668
"../../../HPg_Instinct/Content/Mannequin/Character/Mesh/SK_Mannequin.uasset" 669
"../../../HPg_Instinct/Content/newLowBeepSonar.uasset" 670
"../../../HPg_Instinct/Content/HP_Project/TestMap.umap" 671
"../../../HPg_Instinct/Content/HP_Project/MainMenuLevel_BuiltData.uasset" 672
"../../../HPg_Instinct/Content/HUDElements/MainMenuWidget.uasset" 673
"../../../HPg_Instinct/Content/HP_Project/MainMenuLevel.umap" 674
